0 info it worked if it ends with ok
1 verbose cli [ 'C:\\Program Files\\nodejs\\node.exe',
1 verbose cli   'C:\\Program Files\\nodejs\\node_modules\\npm\\bin\\npm-cli.js',
1 verbose cli   'install',
1 verbose cli   'mocha',
1 verbose cli   '--save' ]
2 info using npm@1.3.2
3 info using node@v4.4.7
4 error Error: Invalid name: "RampUp"
4 error     at ensureValidName (C:\Program Files\nodejs\node_modules\npm\node_modules\read-package-json\node_modules\normalize-package-data\lib\fixer.js:281:15)
4 error     at Object.module.exports.fixNameField (C:\Program Files\nodejs\node_modules\npm\node_modules\read-package-json\node_modules\normalize-package-data\lib\fixer.js:196:5)
4 error     at C:\Program Files\nodejs\node_modules\npm\node_modules\read-package-json\node_modules\normalize-package-data\lib\normalize.js:29:38
4 error     at Array.forEach (native)
4 error     at normalize (C:\Program Files\nodejs\node_modules\npm\node_modules\read-package-json\node_modules\normalize-package-data\lib\normalize.js:28:15)
4 error     at final (C:\Program Files\nodejs\node_modules\npm\node_modules\read-package-json\read-json.js:310:33)
4 error     at then (C:\Program Files\nodejs\node_modules\npm\node_modules\read-package-json\read-json.js:124:33)
4 error     at C:\Program Files\nodejs\node_modules\npm\node_modules\read-package-json\read-json.js:299:40
4 error     at FSReqWrap.readFileAfterClose [as oncomplete] (fs.js:380:3)
5 error If you need help, you may report this log at:
5 error     <http://github.com/isaacs/npm/issues>
5 error or email it to:
5 error     <npm-@googlegroups.com>
6 error System Windows_NT 6.1.7601
7 error command "C:\\Program Files\\nodejs\\node.exe" "C:\\Program Files\\nodejs\\node_modules\\npm\\bin\\npm-cli.js" "install" "mocha" "--save"
8 error cwd C:\Users\sysadmin\Desktop\GitTryOut\RampUp
9 error node -v v4.4.7
10 error npm -v 1.3.2
11 verbose exit [ 1, true ]
